<?xml version="1.0" encoding="UTF-8"?>
<testng-results ignored="3" total="8" passed="4" failed="1" skipped="0">
  <reporter-output>
  </reporter-output>
  <suite started-at="2022-05-31T10:20:55 GST" name="Suite" finished-at="2022-05-31T10:21:35 GST" duration-ms="40450">
    <groups>
    </groups>
    <test started-at="2022-05-31T10:20:55 GST" name="Test-NegativeLogin" finished-at="2022-05-31T10:21:08 GST" duration-ms="13366">
      <class name="TestFunctions.ApplicationLoginNegative">
        <test-method signature="Login_Employee_NegativeValidation()[pri:1, instance:TestFunctions.ApplicationLoginNegative@13fd2ccd]" started-at="2022-05-31T10:21:01 GST" name="Login_Employee_NegativeValidation" finished-at="2022-05-31T10:21:06 GST" duration-ms="5586" status="FAIL">
          <exception class="java.lang.AssertionError">
            <message>
              <![CDATA[null]]>
            </message>
            <full-stacktrace>
              <![CDATA[java.lang.AssertionError: null
at org.testng.Assert.fail(Assert.java:99)
at org.testng.Assert.fail(Assert.java:106)
at TestFunctions.ApplicationLoginNegative.Login_Employee_NegativeValidation(ApplicationLoginNegative.java:54)
at java.base/jdk.internal.reflect.NativeMethodAccessorImpl.invoke0(Native Method)
at java.base/jdk.internal.reflect.NativeMethodAccessorImpl.invoke(NativeMethodAccessorImpl.java:78)
at java.base/jdk.internal.reflect.DelegatingMethodAccessorImpl.invoke(DelegatingMethodAccessorImpl.java:43)
at java.base/java.lang.reflect.Method.invoke(Method.java:567)
at org.testng.internal.MethodInvocationHelper.invokeMethod(MethodInvocationHelper.java:133)
at org.testng.internal.TestInvoker.invokeMethod(TestInvoker.java:598)
at org.testng.internal.TestInvoker.invokeTestMethod(TestInvoker.java:173)
at org.testng.internal.MethodRunner.runInSequence(MethodRunner.java:46)
at org.testng.internal.TestInvoker$MethodInvocationAgent.invoke(TestInvoker.java:824)
at org.testng.internal.TestInvoker.invokeTestMethods(TestInvoker.java:146)
at org.testng.internal.TestMethodWorker.invokeTestMethods(TestMethodWorker.java:146)
at org.testng.internal.TestMethodWorker.run(TestMethodWorker.java:128)
at java.base/java.util.ArrayList.forEach(ArrayList.java:1511)
at org.testng.TestRunner.privateRun(TestRunner.java:794)
at org.testng.TestRunner.run(TestRunner.java:596)
at org.testng.SuiteRunner.runTest(SuiteRunner.java:377)
at org.testng.SuiteRunner.runSequentially(SuiteRunner.java:371)
at org.testng.SuiteRunner.privateRun(SuiteRunner.java:332)
at org.testng.SuiteRunner.run(SuiteRunner.java:276)
at org.testng.SuiteRunnerWorker.runSuite(SuiteRunnerWorker.java:53)
at org.testng.SuiteRunnerWorker.run(SuiteRunnerWorker.java:96)
at org.testng.TestNG.runSuitesSequentially(TestNG.java:1212)
at org.testng.TestNG.runSuitesLocally(TestNG.java:1134)
at org.testng.TestNG.runSuites(TestNG.java:1063)
at org.testng.TestNG.run(TestNG.java:1031)
at org.testng.remote.AbstractRemoteTestNG.run(AbstractRemoteTestNG.java:115)
at org.testng.remote.RemoteTestNG.initAndRun(RemoteTestNG.java:251)
at org.testng.remote.RemoteTestNG.main(RemoteTestNG.java:77)
]]>
            </full-stacktrace>
          </exception> <!-- java.lang.AssertionError -->
          <reporter-output>
          </reporter-output>
        </test-method> <!-- Login_Employee_NegativeValidation -->
      </class> <!-- TestFunctions.ApplicationLoginNegative -->
      <class name="TestFunctions.ApplicationLandingPage">
        <test-method signature="verifyLandingPage()[pri:1, instance:TestFunctions.ApplicationLandingPage@4c1909a3]" started-at="2022-05-31T10:20:55 GST" name="verifyLandingPage" finished-at="2022-05-31T10:21:01 GST" duration-ms="5918" status="PASS">
          <reporter-output>
          </reporter-output>
        </test-method> <!-- verifyLandingPage -->
      </class> <!-- TestFunctions.ApplicationLandingPage -->
    </test> <!-- Test-NegativeLogin -->
    <test started-at="2022-05-31T10:21:08 GST" name="Test-SuccessfulLogin_CreateMotorFleet" finished-at="2022-05-31T10:21:35 GST" duration-ms="27049">
      <class name="TestFunctions.Underwriting_MotorFleet_FleetDirect">
        <test-method signature="CreateDirectFleet()[pri:1, instance:TestFunctions.Underwriting_MotorFleet_FleetDirect@738dc9b]" started-at="2022-05-31T10:21:22 GST" name="CreateDirectFleet" finished-at="2022-05-31T10:21:35 GST" duration-ms="12844" status="PASS">
          <reporter-output>
          </reporter-output>
        </test-method> <!-- CreateDirectFleet -->
      </class> <!-- TestFunctions.Underwriting_MotorFleet_FleetDirect -->
      <class name="TestFunctions.ApplicationLandingPage">
        <test-method is-config="true" signature="initDriver()[pri:0, instance:TestFunctions.ApplicationLandingPage@55a147cc]" started-at="2022-05-31T10:20:50 GST" name="initDriver" finished-at="2022-05-31T10:20:55 GST" duration-ms="5080" status="PASS">
          <reporter-output>
          </reporter-output>
        </test-method> <!-- initDriver -->
        <test-method signature="verifyLandingPage()[pri:1, instance:TestFunctions.ApplicationLandingPage@55a147cc]" started-at="2022-05-31T10:21:08 GST" name="verifyLandingPage" finished-at="2022-05-31T10:21:13 GST" duration-ms="4604" status="PASS">
          <reporter-output>
          </reporter-output>
        </test-method> <!-- verifyLandingPage -->
      </class> <!-- TestFunctions.ApplicationLandingPage -->
      <class name="TestFunctions.ApplicationLogin">
        <test-method signature="Login_Employee()[pri:1, instance:TestFunctions.ApplicationLogin@71ba6d4e]" started-at="2022-05-31T10:21:13 GST" name="Login_Employee" finished-at="2022-05-31T10:21:22 GST" duration-ms="9593" status="PASS">
          <reporter-output>
          </reporter-output>
        </test-method> <!-- Login_Employee -->
      </class> <!-- TestFunctions.ApplicationLogin -->
    </test> <!-- Test-SuccessfulLogin_CreateMotorFleet -->
  </suite> <!-- Suite -->
</testng-results>
